#
# There is insufficient memory for the Java Runtime Environment to continue.
# Native memory allocation (malloc) failed to allocate 32744 bytes for ChunkPool::allocate
# Possible reasons:
#   The system is out of physical RAM or swap space
#   In 32 bit mode, the process size limit was hit
# Possible solutions:
#   Reduce memory load on the system
#   Increase physical memory or swap space
#   Check if swap backing store is full
#   Use 64 bit Java on a 64 bit OS
#   Decrease Java heap size (-Xmx/-Xms)
#   Decrease number of Java threads
#   Decrease Java thread stack sizes (-Xss)
#   Set larger code cache with -XX:ReservedCodeCacheSize=
# This output file may be truncated or incomplete.
#
#  Out of Memory Error (allocation.cpp:273), pid=14936, tid=13428
#
# JRE version: Java(TM) SE Runtime Environment (8.0_91-b14) (build 1.8.0_91-b14)
# Java VM: Java HotSpot(TM) 64-Bit Server VM (25.91-b14 mixed mode windows-amd64 compressed oops)
# Failed to write core dump. Minidumps are not enabled by default on client versions of Windows
#

---------------  T H R E A D  ---------------

Current thread (0x0000000015fcd000):  JavaThread "C1 CompilerThread2" daemon [_thread_in_native, id=13428, stack(0x0000000017b10000,0x0000000017c10000)]

Stack: [0x0000000017b10000,0x0000000017c10000]
[error occurred during error reporting (printing stack bounds), id 0xc0000005]

Native frames: (J=compiled Java code, j=interpreted, Vv=VM code, C=native code)


Current CompileTask:
C1:  28201 1449   !   3       java.awt.DefaultKeyboardFocusManager::dispatchEvent (1589 bytes)


---------------  P R O C E S S  ---------------

Java Threads: ( => current thread )
  0x00000000188ad000 JavaThread "TimerQueue" daemon [_thread_blocked, id=7120, stack(0x000000001a8e0000,0x000000001a9e0000)]
  0x00000000186fd000 JavaThread "org.netbeans.modules.debugger.jpda.visual AWT Access Loop" daemon [_thread_blocked, id=15076, stack(0x0000000019970000,0x0000000019a70000)]
  0x000000000258d800 JavaThread "DestroyJavaVM" [_thread_blocked, id=9372, stack(0x00000000025a0000,0x00000000026a0000)]
  0x00000000186ec000 JavaThread "AWT-EventQueue-0" [_thread_blocked, id=2260, stack(0x0000000019870000,0x0000000019970000)]
  0x000000001867e800 JavaThread "AWT-Windows" daemon [_thread_in_native, id=4380, stack(0x0000000019010000,0x0000000019110000)]
  0x000000001867c000 JavaThread "AWT-Shutdown" [_thread_blocked, id=12080, stack(0x0000000018f10000,0x0000000019010000)]
  0x0000000018679800 JavaThread "Java2D Disposer" daemon [_thread_blocked, id=13412, stack(0x0000000018e10000,0x0000000018f10000)]
  0x0000000017c55000 JavaThread "Service Thread" daemon [_thread_blocked, id=12456, stack(0x0000000018010000,0x0000000018110000)]
=>0x0000000015fcd000 JavaThread "C1 CompilerThread2" daemon [_thread_in_native, id=13428, stack(0x0000000017b10000,0x0000000017c10000)]
  0x0000000015fcc000 JavaThread "C2 CompilerThread1" daemon [_thread_blocked, id=13132, stack(0x0000000017a10000,0x0000000017b10000)]
  0x0000000015fca000 JavaThread "C2 CompilerThread0" daemon [_thread_blocked, id=8316, stack(0x0000000017910000,0x0000000017a10000)]
  0x0000000015fbc000 JavaThread "JDWP Command Reader" daemon [_thread_in_native, id=4808, stack(0x0000000017810000,0x0000000017910000)]
  0x0000000015fb7000 JavaThread "JDWP Event Helper Thread" daemon [_thread_blocked, id=8040, stack(0x0000000017710000,0x0000000017810000)]
  0x0000000015fb3800 JavaThread "JDWP Transport Listener: dt_shmem" daemon [_thread_blocked, id=4868, stack(0x0000000017610000,0x0000000017710000)]
  0x0000000015f9e800 JavaThread "Attach Listener" daemon [_thread_blocked, id=13480, stack(0x00000000174f0000,0x00000000175f0000)]
  0x0000000015f9d000 JavaThread "Signal Dispatcher" daemon [_thread_blocked, id=7892, stack(0x00000000173f0000,0x00000000174f0000)]
  0x000000000279c000 JavaThread "Finalizer" daemon [_thread_blocked, id=9600, stack(0x00000000171f0000,0x00000000172f0000)]
  0x0000000002791000 JavaThread "Reference Handler" daemon [_thread_blocked, id=15244, stack(0x00000000170f0000,0x00000000171f0000)]

Other Threads:
  0x0000000015f67800 VMThread [stack: 0x0000000016ff0000,0x00000000170f0000] [id=12836]
  0x0000000017c87800 WatcherThread [stack: 0x0000000018110000,0x0000000018210000] [id=8624]

VM state:not at safepoint (normal execution)

VM Mutex/Monitor currently owned by a thread: None

Heap:
 PSYoungGen      total 28160K, used 20407K [0x00000000e0f80000, 0x00000000e2e80000, 0x0000000100000000)
  eden space 24576K, 83% used [0x00000000e0f80000,0x00000000e236dc20,0x00000000e2780000)
  from space 3584K, 0% used [0x00000000e2b00000,0x00000000e2b00000,0x00000000e2e80000)
  to   space 3584K, 0% used [0x00000000e2780000,0x00000000e2780000,0x00000000e2b00000)
 ParOldGen       total 64512K, used 0K [0x00000000a2e00000, 0x00000000a6d00000, 0x00000000e0f80000)
  object space 64512K, 0% used [0x00000000a2e00000,0x00000000a2e00000,0x00000000a6d00000)
 Metaspace       used 14597K, capacity 14798K, committed 14976K, reserved 1062912K
  class space    used 1839K, capacity 1895K, committed 1920K, reserved 1048576K

Card table byte_map: [0x0000000011b70000,0x0000000011e60000] byte_map_base: 0x0000000011659000

Marking Bits: (ParMarkBitMap*) 0x00000000664a2f70
 Begin Bits: [0x0000000012460000, 0x0000000013ba8000)
 End Bits:   [0x0000000013ba8000, 0x00000000152f0000)

Polling page: 0x0000000002560000

CodeCache: size=245760Kb used=4388Kb max_used=4388Kb free=241371Kb
 bounds [0x00000000027b0000, 0x0000000002c00000, 0x00000000117b0000]
 total_blobs=1951 nmethods=1440 adapters=431
 compilation: enabled

Compilation events (10 events):
Event: 28.021 Thread 0x0000000015fcd000 nmethod 1446 0x0000000002bf7790 code [0x0000000002bf78e0, 0x0000000002bf79f0]
Event: 28.021 Thread 0x0000000015fcd000 1445       3       javax.swing.text.Utilities::getTabbedTextWidth (348 bytes)
Event: 28.025 Thread 0x0000000015fcd000 nmethod 1445 0x0000000002bfa150 code [0x0000000002bfa380, 0x0000000002bfb288]
Event: 28.025 Thread 0x0000000015fcd000 1444       3       java.awt.Component::bounds (24 bytes)
Event: 28.025 Thread 0x0000000015fcd000 nmethod 1444 0x0000000002bf7110 code [0x0000000002bf7280, 0x0000000002bf75d0]
Event: 28.126 Thread 0x0000000015fcd000 1447       3       java.util.concurrent.locks.AbstractQueuedSynchronizer$ConditionObject::addConditionWaiter (64 bytes)
Event: 28.127 Thread 0x0000000015fcd000 nmethod 1447 0x0000000002bf9610 code [0x0000000002bf97a0, 0x0000000002bf9bc8]
Event: 28.127 Thread 0x0000000015fcd000 1448       3       java.util.concurrent.locks.AbstractQueuedSynchronizer$Node::<init> (15 bytes)
Event: 28.127 Thread 0x0000000015fcd000 nmethod 1448 0x0000000002bf6d50 code [0x0000000002bf6ea0, 0x0000000002bf7070]
Event: 28.149 Thread 0x0000000015fcd000 1449   !   3       java.awt.DefaultKeyboardFocusManager::dispatchEvent (1589 bytes)

GC Heap History (0 events):
No events

Deoptimization events (10 events):
Event: 0.980 Thread 0x0000000018723000 Uncommon trap: reason=unstable_if action=reinterpret pc=0x000000000298be68 method=java.lang.String.<init>([CII)V @ 18
Event: 2.764 Thread 0x00000000186ec000 Uncommon trap: reason=unstable_if action=reinterpret pc=0x00000000029d22ac method=java.awt.MultipleGradientPaintContext.indexIntoGradientsArrays(F)I @ 93
Event: 4.218 Thread 0x00000000186ec000 Uncommon trap: reason=unstable_if action=reinterpret pc=0x0000000002a0d3cc method=java.awt.MultipleGradientPaintContext.indexIntoGradientsArrays(F)I @ 13
Event: 6.600 Thread 0x00000000186ec000 Uncommon trap: reason=class_check action=maybe_recompile pc=0x0000000002920320 method=java.lang.String.equals(Ljava/lang/Object;)Z @ 8
Event: 6.600 Thread 0x00000000186ec000 Uncommon trap: reason=class_check action=maybe_recompile pc=0x0000000002920320 method=java.lang.String.equals(Ljava/lang/Object;)Z @ 8
Event: 6.966 Thread 0x00000000186ec000 Uncommon trap: reason=class_check action=maybe_recompile pc=0x0000000002920320 method=java.lang.String.equals(Ljava/lang/Object;)Z @ 8
Event: 6.966 Thread 0x00000000186ec000 Uncommon trap: reason=class_check action=maybe_recompile pc=0x0000000002920320 method=java.lang.String.equals(Ljava/lang/Object;)Z @ 8
Event: 7.911 Thread 0x00000000186ec000 Uncommon trap: reason=unstable_if action=reinterpret pc=0x00000000029a8fd4 method=java.util.HashMap.putVal(ILjava/lang/Object;Ljava/lang/Object;ZZ)Ljava/lang/Object; @ 109
Event: 7.912 Thread 0x00000000186ec000 Uncommon trap: reason=unstable_if action=reinterpret pc=0x00000000029a2f88 method=java.util.HashMap.putVal(ILjava/lang/Object;Ljava/lang/Object;ZZ)Ljava/lang/Object; @ 109
Event: 8.091 Thread 0x00000000186ec000 Uncommon trap: reason=unstable_if action=reinterpret pc=0x0000000002a4bf88 method=java.awt.MultipleGradientPaintContext.indexIntoGradientsArrays(F)I @ 24

Internal exceptions (10 events):
Event: 0.776 Thread 0x000000000258d800 Exception <a 'java/lang/ClassNotFoundException': ToolBar> (0x00000000e13a5f20) thrown at [C:\re\workspace\8-2-build-windows-amd64-cygwin\jdk8u91\6644\hotspot\src\share\vm\classfile\systemDictionary.cpp, line 210]
Event: 0.776 Thread 0x000000000258d800 Exception <a 'java/lang/ClassNotFoundException': ToggleButton> (0x00000000e13a64d0) thrown at [C:\re\workspace\8-2-build-windows-amd64-cygwin\jdk8u91\6644\hotspot\src\share\vm\classfile\systemDictionary.cpp, line 210]
Event: 0.776 Thread 0x000000000258d800 Exception <a 'java/lang/ClassNotFoundException': javax/swing/JToolBarSeparator> (0x00000000e13a6930) thrown at [C:\re\workspace\8-2-build-windows-amd64-cygwin\jdk8u91\6644\hotspot\src\share\vm\classfile\systemDictionary.cpp, line 210]
Event: 0.776 Thread 0x000000000258d800 Exception <a 'java/lang/ClassNotFoundException': ToolBarSeparator> (0x00000000e13a6dc8) thrown at [C:\re\workspace\8-2-build-windows-amd64-cygwin\jdk8u91\6644\hotspot\src\share\vm\classfile\systemDictionary.cpp, line 210]
Event: 0.777 Thread 0x000000000258d800 Exception <a 'java/lang/ClassNotFoundException': ToolTip> (0x00000000e13a7508) thrown at [C:\re\workspace\8-2-build-windows-amd64-cygwin\jdk8u91\6644\hotspot\src\share\vm\classfile\systemDictionary.cpp, line 210]
Event: 0.778 Thread 0x000000000258d800 Exception <a 'java/lang/ClassNotFoundException': Tree> (0x00000000e13a8128) thrown at [C:\re\workspace\8-2-build-windows-amd64-cygwin\jdk8u91\6644\hotspot\src\share\vm\classfile\systemDictionary.cpp, line 210]
Event: 0.778 Thread 0x000000000258d800 Exception <a 'java/lang/ClassNotFoundException': Tree> (0x00000000e13a8868) thrown at [C:\re\workspace\8-2-build-windows-amd64-cygwin\jdk8u91\6644\hotspot\src\share\vm\classfile\systemDictionary.cpp, line 210]
Event: 0.778 Thread 0x000000000258d800 Exception <a 'java/lang/ClassNotFoundException': javax/swing/JTreeCell> (0x00000000e13a8be8) thrown at [C:\re\workspace\8-2-build-windows-amd64-cygwin\jdk8u91\6644\hotspot\src\share\vm\classfile\systemDictionary.cpp, line 210]
Event: 0.778 Thread 0x000000000258d800 Exception <a 'java/lang/ClassNotFoundException': TreeCell> (0x00000000e13a9070) thrown at [C:\re\workspace\8-2-build-windows-amd64-cygwin\jdk8u91\6644\hotspot\src\share\vm\classfile\systemDictionary.cpp, line 210]
Event: 0.778 Thread 0x000000000258d800 Exception <a 'java/lang/ClassNotFoundException': RootPane> (0x00000000e13a9ad0) thrown at [C:\re\workspace\8-2-build-windows-amd64-cygwin\jdk8u91\6644\hotspot\src\share\vm\classfile\systemDictionary.cpp, line 210]

Events (10 events):
Event: 8.125 loading class javax/swing/event/AncestorEvent done
Event: 8.143 Thread 0x00000000186ec000 DEOPT PACKING pc=0x0000000002a28502 sp=0x000000001996bc60
Event: 8.143 Thread 0x00000000186ec000 DEOPT UNPACKING pc=0x00000000027f787f sp=0x000000001996b970 mode 0
Event: 24.194 Thread 0x0000000015fcd000 flushing nmethod 0x00000000028af3d0
Event: 24.194 Thread 0x0000000015fcd000 flushing nmethod 0x00000000028b1050
Event: 24.194 Thread 0x0000000015fcd000 flushing nmethod 0x00000000028b1550
Event: 24.194 Thread 0x0000000015fcd000 flushing nmethod 0x00000000028b1890
Event: 24.194 Thread 0x0000000015fcd000 flushing nmethod 0x00000000028bc890
Event: 24.194 Thread 0x0000000015fcd000 flushing nmethod 0x00000000028c0d10
Event: 24.194 Thread 0x0000000015fcd000 flushing nmethod 0x00000000028d6b90


Dynamic libraries:
0x00007ff606f50000 - 0x00007ff606f87000 	C:\Program Files\Java\jdk1.8.0_91\bin\java.exe
0x00007fffbca90000 - 0x00007fffbcc61000 	C:\WINDOWS\SYSTEM32\ntdll.dll
0x00007fffbbba0000 - 0x00007fffbbc4c000 	C:\WINDOWS\System32\KERNEL32.DLL
0x00007fffb9c30000 - 0x00007fffb9e4d000 	C:\WINDOWS\System32\KERNELBASE.dll
0x00007fffbc220000 - 0x00007fffbc2c2000 	C:\WINDOWS\System32\ADVAPI32.dll
0x00007fffbbb00000 - 0x00007fffbbb9e000 	C:\WINDOWS\System32\msvcrt.dll
0x00007fffba2c0000 - 0x00007fffba319000 	C:\WINDOWS\System32\sechost.dll
0x00007fffbbd50000 - 0x00007fffbbe71000 	C:\WINDOWS\System32\RPCRT4.dll
0x00007fffbc2d0000 - 0x00007fffbc435000 	C:\WINDOWS\System32\USER32.dll
0x00007fffb9b70000 - 0x00007fffb9b8e000 	C:\WINDOWS\System32\win32u.dll
0x00007fffba020000 - 0x00007fffba054000 	C:\WINDOWS\System32\GDI32.dll
0x00007fffb9920000 - 0x00007fffb9aa0000 	C:\WINDOWS\System32\gdi32full.dll
0x00007fffadfb0000 - 0x00007fffae22a000 	C:\WINDOWS\WinSxS\amd64_microsoft.windows.common-controls_6595b64144ccf1df_6.0.14393.953_none_42151e83c686086b\COMCTL32.dll
0x00007fffbb830000 - 0x00007fffbbaf8000 	C:\WINDOWS\System32\combase.dll
0x00007fffb8f90000 - 0x00007fffb9085000 	C:\WINDOWS\System32\ucrtbase.dll
0x00007fffb9b00000 - 0x00007fffb9b6a000 	C:\WINDOWS\System32\bcryptPrimitives.dll
0x00007fffbbd20000 - 0x00007fffbbd4e000 	C:\WINDOWS\System32\IMM32.DLL
0x0000000066a30000 - 0x0000000066b02000 	C:\Program Files\Java\jdk1.8.0_91\jre\bin\msvcr100.dll
0x0000000065c90000 - 0x0000000066523000 	C:\Program Files\Java\jdk1.8.0_91\jre\bin\server\jvm.dll
0x00007fffbca80000 - 0x00007fffbca88000 	C:\WINDOWS\System32\PSAPI.DLL
0x00007fffaf820000 - 0x00007fffaf829000 	C:\WINDOWS\SYSTEM32\WSOCK32.dll
0x00007fffb6db0000 - 0x00007fffb6dd3000 	C:\WINDOWS\SYSTEM32\WINMM.dll
0x00007fffae260000 - 0x00007fffae26a000 	C:\WINDOWS\SYSTEM32\VERSION.dll
0x00007fffbca10000 - 0x00007fffbca7a000 	C:\WINDOWS\System32\WS2_32.dll
0x0000000002530000 - 0x000000000255b000 	C:\WINDOWS\SYSTEM32\WINMMBASE.dll
0x00007fffb9090000 - 0x00007fffb90d2000 	C:\WINDOWS\System32\cfgmgr32.dll
0x0000000066d70000 - 0x0000000066d7f000 	C:\Program Files\Java\jdk1.8.0_91\jre\bin\verify.dll
0x0000000065c20000 - 0x0000000065c49000 	C:\Program Files\Java\jdk1.8.0_91\jre\bin\java.dll
0x00000000657b0000 - 0x00000000657e5000 	C:\Program Files\Java\jdk1.8.0_91\jre\bin\jdwp.dll
0x0000000065920000 - 0x0000000065928000 	C:\Program Files\Java\jdk1.8.0_91\jre\bin\npt.dll
0x0000000066a10000 - 0x0000000066a26000 	C:\Program Files\Java\jdk1.8.0_91\jre\bin\zip.dll
0x00007fffba320000 - 0x00007fffbb828000 	C:\WINDOWS\System32\SHELL32.dll
0x00007fffb9190000 - 0x00007fffb986a000 	C:\WINDOWS\System32\windows.storage.dll
0x00007fffb8f40000 - 0x00007fffb8f8c000 	C:\WINDOWS\System32\powrprof.dll
0x00007fffbbf20000 - 0x00007fffbbf72000 	C:\WINDOWS\System32\shlwapi.dll
0x00007fffb8f00000 - 0x00007fffb8f0f000 	C:\WINDOWS\System32\kernel.appcore.dll
0x00007fffb90e0000 - 0x00007fffb9189000 	C:\WINDOWS\System32\shcore.dll
0x00007fffb8f10000 - 0x00007fffb8f24000 	C:\WINDOWS\System32\profapi.dll
0x0000000066d30000 - 0x0000000066d3b000 	C:\Program Files\Java\jdk1.8.0_91\jre\bin\dt_shmem.dll
0x0000000065a40000 - 0x0000000065bd8000 	C:\Program Files\Java\jdk1.8.0_91\jre\bin\awt.dll
0x00007fffbc160000 - 0x00007fffbc21f000 	C:\WINDOWS\System32\OLEAUT32.dll
0x00007fffb9b90000 - 0x00007fffb9c2c000 	C:\WINDOWS\System32\msvcp_win.dll
0x00007fffb74a0000 - 0x00007fffb751a000 	C:\WINDOWS\SYSTEM32\apphelp.dll
0x00007fffb7680000 - 0x00007fffb7715000 	C:\WINDOWS\system32\uxtheme.dll
0x00007fffba160000 - 0x00007fffba2ba000 	C:\WINDOWS\System32\MSCTF.dll
0x00007fffae310000 - 0x00007fffae3a8000 	C:\Program Files\Common Files\microsoft shared\ink\tiptsf.dll
0x00007fffb6bc0000 - 0x00007fffb6be6000 	C:\WINDOWS\system32\dwmapi.dll
0x00007fffbbf90000 - 0x00007fffbc0c8000 	C:\WINDOWS\System32\ole32.dll
0x00007fff85170000 - 0x00007fff8539f000 	C:\Program Files\Acer\Acer Power Management\SysHook.dll
0x00007fffba060000 - 0x00007fffba15a000 	C:\WINDOWS\System32\COMDLG32.dll
0x00007fffae250000 - 0x00007fffae257000 	C:\WINDOWS\SYSTEM32\MSIMG32.dll
0x00007fffafc60000 - 0x00007fffafce6000 	C:\WINDOWS\SYSTEM32\WINSPOOL.DRV
0x00007fffadee0000 - 0x00007fffadf45000 	C:\WINDOWS\SYSTEM32\OLEACC.dll
0x00007fffadd40000 - 0x00007fffadeda000 	C:\WINDOWS\WinSxS\amd64_microsoft.windows.gdiplus_6595b64144ccf1df_1.1.14393.953_none_7300116921188239\gdiplus.dll
0x00007fffb8e40000 - 0x00007fffb8e6b000 	C:\WINDOWS\SYSTEM32\bcrypt.dll
0x00000000659f0000 - 0x0000000065a37000 	C:\Program Files\Java\jdk1.8.0_91\jre\bin\fontmanager.dll
0x0000000065930000 - 0x0000000065961000 	C:\Program Files\Java\jdk1.8.0_91\jre\bin\jpeg.dll
0x0000000065c00000 - 0x0000000065c1a000 	C:\Program Files\Java\jdk1.8.0_91\jre\bin\net.dll
0x00007fffb87d0000 - 0x00007fffb882c000 	C:\WINDOWS\system32\mswsock.dll
0x0000000065be0000 - 0x0000000065bf1000 	C:\Program Files\Java\jdk1.8.0_91\jre\bin\nio.dll
0x00000000659a0000 - 0x00000000659e2000 	C:\Program Files\Java\jdk1.8.0_91\jre\bin\t2k.dll
0x00007fffbbe80000 - 0x00007fffbbf1f000 	C:\WINDOWS\System32\clbcatq.dll
0x00007fffa6420000 - 0x00007fffa65ca000 	C:\Windows\System32\uiautomationcore.dll
0x00007fffb8650000 - 0x00007fffb866f000 	C:\Windows\System32\USERENV.dll
0x00007fffb8d40000 - 0x00007fffb8dd8000 	C:\WINDOWS\SYSTEM32\sxs.dll
0x00007fffae760000 - 0x00007fffae7dd000 	C:\WINDOWS\SYSTEM32\twinapi.dll
0x00007fffb79e0000 - 0x00007fffb7afc000 	C:\WINDOWS\SYSTEM32\twinapi.appcore.dll
0x0000000065970000 - 0x000000006599a000 	C:\Program Files\Java\jdk1.8.0_91\jre\bin\dcpr.dll
0x00007fffb4960000 - 0x00007fffb4b08000 	C:\WINDOWS\SYSTEM32\WindowsCodecs.dll
0x00007fffa5c00000 - 0x00007fffa5c49000 	C:\WINDOWS\system32\dataexchange.dll
0x00007fffb5b90000 - 0x00007fffb5e46000 	C:\WINDOWS\system32\d3d11.dll
0x00007fffb6ff0000 - 0x00007fffb7141000 	C:\WINDOWS\system32\dcomp.dll
0x00007fffb7e80000 - 0x00007fffb7f1f000 	C:\WINDOWS\system32\dxgi.dll

VM Arguments:
jvm_args: -Xdebug -Xrunjdwp:transport=dt_shmem,address=javadebug -Dfile.encoding=UTF-8 
java_command: Ventanas.Principal
java_class_path (initial): C:\Program Files\NetBeans 8.1\java\modules\ext\AbsoluteLayout.jar;C:\Users\aels21\Desktop\ProyectoPL\build\classes
Launcher Type: SUN_STANDARD

Environment Variables:
PATH=C:\Program Files\Haskell\bin;C:\Program Files\Haskell Platform\8.0.2\lib\extralibs\bin;C:\Program Files\Haskell Platform\8.0.2\bin;C:\ProgramData\Oracle\Java\javapath;C:\Program Files (x86)\Intel\iCLS Client\;C:\Program Files\Intel\iCLS Client\;C:\WINDOWS\system32;C:\WINDOWS;C:\WINDOWS\System32\Wbem;C:\WINDOWS\System32\WindowsPowerShell\v1.0\;C:\Program Files (x86)\Intel\OpenCL SDK\2.0\bin\x86;C:\Program Files (x86)\Intel\OpenCL SDK\2.0\bin\x64;C:\Program Files\Intel\Intel(R) Management Engine Components\DAL;C:\Program Files\Intel\Intel(R) Management Engine Components\IPT;C:\Program Files (x86)\Intel\Intel(R) Management Engine Components\DAL;C:\Program Files (x86)\Intel\Intel(R) Management Engine Components\IPT;C:\Program Files (x86)\Skype\Phone\;C:\WINDOWS\system32\config\systemprofile\.dnx\bin;C:\Program Files\Microsoft DNX\Dnvm\;C:\Program Files\Microsoft SQL Server\130\Tools\Binn\;C:\Program Files (x86)\Windows Live\Shared;C:\Python27\;C:\Program Files\Haskell Platform\8.0.2\mingw\bin;C:\Users\aels21\AppData\Roaming\cabal\bin;C:\Users\aels21\AppData\Roaming\local\bin;C:\Users\aels21\AppData\Local\Microsoft\WindowsApps
USERNAME=aels21
OS=Windows_NT
PROCESSOR_IDENTIFIER=Intel64 Family 6 Model 58 Stepping 9, GenuineIntel



---------------  S Y S T E M  ---------------

OS: Windows 10.0 , 64 bit Build 14393 (10.0.14393.1198)

CPU:total 4 (2 cores per cpu, 2 threads per core) family 6 model 58 stepping 9, cmov, cx8, fxsr, mmx, sse, sse2, sse3, ssse3, sse4.1, sse4.2, popcnt, avx, aes, clmul, erms, ht, tsc, tscinvbit, tscinv

Memory: 4k page, physical 6102292k(991356k free), swap 6102292k(5016k free)

vm_info: Java HotSpot(TM) 64-Bit Server VM (25.91-b14) for windows-amd64 JRE (1.8.0_91-b14), built on Apr  1 2016 00:58:32 by "java_re" with MS VC++ 10.0 (VS2010)

time: Thu Jul 27 03:32:29 2017
elapsed time: 28 seconds (0d 0h 0m 28s)

